{"filter":false,"title":"junit.xml","tooltip":"/World/Coverage/Xml/junit.xml","undoManager":{"mark":-1,"position":-1,"stack":[]},"ace":{"folds":[],"scrolltop":0,"scrollleft":485.62890625,"selection":{"start":{"row":49,"column":139},"end":{"row":49,"column":146},"isBackwards":false},"options":{"guessTabSize":true,"useWrapMode":false,"wrapToView":true},"firstLineState":0},"timestamp":1618858054411,"hash":"6256cd84d82c1bd3a3d099c18b1796c5da9c0d4c"}